[01:05:12] [main/INFO]: Environment: authHost='https://authserver.mojang.com', accountsHost='https://api.mojang.com', sessionHost='https://sessionserver.mojang.com', name='PROD'
[01:05:13] [main/INFO]: Reloading ResourceManager: Default, bukkit
[01:05:14] [Worker-Main-12/INFO]: Loaded 7 recipes
[01:05:18] [Server thread/INFO]: Starting minecraft server version 1.16.2
[01:05:18] [Server thread/INFO]: Loading properties
[01:05:20] [Server thread/INFO]: This server is running CraftBukkit version git-Spigot-379750e-43c7ff9 (MC: 1.16.2) (Implementing API version 1.16.2-R0.1-SNAPSHOT)
[01:05:20] [Server thread/INFO]: Debug logging is disabled
[01:05:20] [Server thread/INFO]: Server Ping Player Sample Count: 12
[01:05:20] [Server thread/INFO]: Using 4 threads for Netty based IO
[01:05:20] [Server thread/INFO]: Default game type: SURVIVAL
[01:05:20] [Server thread/INFO]: Generating keypair
[01:05:20] [Server thread/INFO]: Starting Minecraft server on 26.80.218.134:25565
[01:05:20] [Server thread/INFO]: Using default channel type
[01:05:24] [Server thread/WARN]: Initializing Legacy Material Support. Unless you have legacy plugins and/or data this is a bug!
[01:05:30] [Server thread/WARN]: Legacy plugin LongerDays v1.0.1 does not specify an api-version.
[01:05:30] [Server thread/WARN]: Legacy plugin BloodInMinecraft v7.4 does not specify an api-version.
[01:05:30] [Server thread/INFO]: [LongerDays] Loading LongerDays v1.0.1
[01:05:30] [Server thread/INFO]: [BloodInMinecraft] Loading BloodInMinecraft v7.4
[01:05:30] [Server thread/WARN]: **** SERVER IS RUNNING IN OFFLINE/INSECURE MODE!
[01:05:30] [Server thread/WARN]: The server will make no attempt to authenticate usernames. Beware.
[01:05:30] [Server thread/WARN]: While this makes the game possible to play without internet access, it also opens up the ability for hackers to connect with any username they choose.
[01:05:30] [Server thread/WARN]: To change this, set "online-mode" to "true" in the server.properties file.
[01:05:30] [Server thread/INFO]: Preparing level "RioDasOstras"
[01:05:30] [Server thread/INFO]: -------- World Settings For [RioDasOstras] --------
[01:05:30] [Server thread/INFO]: Max TNT Explosions: 100
[01:05:30] [Server thread/INFO]: Tile Max Tick Time: 50ms Entity max Tick Time: 50ms
[01:05:30] [Server thread/INFO]: Cactus Growth Modifier: 100%
[01:05:30] [Server thread/INFO]: Cane Growth Modifier: 100%
[01:05:30] [Server thread/INFO]: Melon Growth Modifier: 100%
[01:05:30] [Server thread/INFO]: Mushroom Growth Modifier: 100%
[01:05:30] [Server thread/INFO]: Pumpkin Growth Modifier: 100%
[01:05:30] [Server thread/INFO]: Sapling Growth Modifier: 100%
[01:05:30] [Server thread/INFO]: Beetroot Growth Modifier: 100%
[01:05:30] [Server thread/INFO]: Carrot Growth Modifier: 100%
[01:05:30] [Server thread/INFO]: Potato Growth Modifier: 100%
[01:05:30] [Server thread/INFO]: Wheat Growth Modifier: 100%
[01:05:30] [Server thread/INFO]: NetherWart Growth Modifier: 100%
[01:05:30] [Server thread/INFO]: Vine Growth Modifier: 100%
[01:05:30] [Server thread/INFO]: Cocoa Growth Modifier: 100%
[01:05:30] [Server thread/INFO]: Bamboo Growth Modifier: 100%
[01:05:30] [Server thread/INFO]: SweetBerry Growth Modifier: 100%
[01:05:30] [Server thread/INFO]: Kelp Growth Modifier: 100%
[01:05:30] [Server thread/INFO]: Mob Spawn Range: 6
[01:05:30] [Server thread/INFO]: Experience Merge Radius: 3.0
[01:05:30] [Server thread/INFO]: Hopper Transfer: 8 Hopper Check: 1 Hopper Amount: 1
[01:05:30] [Server thread/INFO]: Entity Activation Range: An 32 / Mo 32 / Ra 48 / Mi 16 / Tiv true
[01:05:30] [Server thread/INFO]: Entity Tracking Range: Pl 48 / An 48 / Mo 48 / Mi 32 / Other 64
[01:05:30] [Server thread/INFO]: Allow Zombie Pigmen to spawn from portal blocks: true
[01:05:30] [Server thread/INFO]: Item Despawn Rate: 6000
[01:05:30] [Server thread/INFO]: Item Merge Radius: 2.5
[01:05:30] [Server thread/INFO]: View Distance: 10
[01:05:30] [Server thread/INFO]: Arrow Despawn Rate: 1200 Trident Respawn Rate:1200
[01:05:30] [Server thread/INFO]: Nerfing mobs spawned from spawners: false
[01:05:30] [Server thread/INFO]: Zombie Aggressive Towards Villager: true
[01:05:30] [Server thread/INFO]: Custom Map Seeds:  Village: 10387312 Desert: 14357617 Igloo: 14357618 Jungle: 14357619 Swamp: 14357620 Monument: 10387313 Ocean: 14357621 Shipwreck: 165745295 End City: 10387313 Slime: 987234911 Bastion: 30084232 Fortress: 30084232 Mansion: 10387319 Fossil: 14357921 Portal: 34222645
[01:05:30] [Server thread/INFO]: -------- World Settings For [RioDasOstras_nether] --------
[01:05:30] [Server thread/INFO]: Max TNT Explosions: 100
[01:05:30] [Server thread/INFO]: Tile Max Tick Time: 50ms Entity max Tick Time: 50ms
[01:05:30] [Server thread/INFO]: Cactus Growth Modifier: 100%
[01:05:30] [Server thread/INFO]: Cane Growth Modifier: 100%
[01:05:30] [Server thread/INFO]: Melon Growth Modifier: 100%
[01:05:30] [Server thread/INFO]: Mushroom Growth Modifier: 100%
[01:05:30] [Server thread/INFO]: Pumpkin Growth Modifier: 100%
[01:05:30] [Server thread/INFO]: Sapling Growth Modifier: 100%
[01:05:30] [Server thread/INFO]: Beetroot Growth Modifier: 100%
[01:05:30] [Server thread/INFO]: Carrot Growth Modifier: 100%
[01:05:30] [Server thread/INFO]: Potato Growth Modifier: 100%
[01:05:30] [Server thread/INFO]: Wheat Growth Modifier: 100%
[01:05:30] [Server thread/INFO]: NetherWart Growth Modifier: 100%
[01:05:30] [Server thread/INFO]: Vine Growth Modifier: 100%
[01:05:30] [Server thread/INFO]: Cocoa Growth Modifier: 100%
[01:05:30] [Server thread/INFO]: Bamboo Growth Modifier: 100%
[01:05:30] [Server thread/INFO]: SweetBerry Growth Modifier: 100%
[01:05:30] [Server thread/INFO]: Kelp Growth Modifier: 100%
[01:05:30] [Server thread/INFO]: Mob Spawn Range: 6
[01:05:30] [Server thread/INFO]: Experience Merge Radius: 3.0
[01:05:30] [Server thread/INFO]: Hopper Transfer: 8 Hopper Check: 1 Hopper Amount: 1
[01:05:30] [Server thread/INFO]: Entity Activation Range: An 32 / Mo 32 / Ra 48 / Mi 16 / Tiv true
[01:05:30] [Server thread/INFO]: Entity Tracking Range: Pl 48 / An 48 / Mo 48 / Mi 32 / Other 64
[01:05:30] [Server thread/INFO]: Allow Zombie Pigmen to spawn from portal blocks: true
[01:05:30] [Server thread/INFO]: Item Despawn Rate: 6000
[01:05:30] [Server thread/INFO]: Item Merge Radius: 2.5
[01:05:30] [Server thread/INFO]: View Distance: 10
[01:05:30] [Server thread/INFO]: Arrow Despawn Rate: 1200 Trident Respawn Rate:1200
[01:05:30] [Server thread/INFO]: Nerfing mobs spawned from spawners: false
[01:05:30] [Server thread/INFO]: Zombie Aggressive Towards Villager: true
[01:05:30] [Server thread/INFO]: Custom Map Seeds:  Village: 10387312 Desert: 14357617 Igloo: 14357618 Jungle: 14357619 Swamp: 14357620 Monument: 10387313 Ocean: 14357621 Shipwreck: 165745295 End City: 10387313 Slime: 987234911 Bastion: 30084232 Fortress: 30084232 Mansion: 10387319 Fossil: 14357921 Portal: 34222645
[01:05:31] [Server thread/INFO]: -------- World Settings For [RioDasOstras_the_end] --------
[01:05:31] [Server thread/INFO]: Max TNT Explosions: 100
[01:05:31] [Server thread/INFO]: Tile Max Tick Time: 50ms Entity max Tick Time: 50ms
[01:05:31] [Server thread/INFO]: Cactus Growth Modifier: 100%
[01:05:31] [Server thread/INFO]: Cane Growth Modifier: 100%
[01:05:31] [Server thread/INFO]: Melon Growth Modifier: 100%
[01:05:31] [Server thread/INFO]: Mushroom Growth Modifier: 100%
[01:05:31] [Server thread/INFO]: Pumpkin Growth Modifier: 100%
[01:05:31] [Server thread/INFO]: Sapling Growth Modifier: 100%
[01:05:31] [Server thread/INFO]: Beetroot Growth Modifier: 100%
[01:05:31] [Server thread/INFO]: Carrot Growth Modifier: 100%
[01:05:31] [Server thread/INFO]: Potato Growth Modifier: 100%
[01:05:31] [Server thread/INFO]: Wheat Growth Modifier: 100%
[01:05:31] [Server thread/INFO]: NetherWart Growth Modifier: 100%
[01:05:31] [Server thread/INFO]: Vine Growth Modifier: 100%
[01:05:31] [Server thread/INFO]: Cocoa Growth Modifier: 100%
[01:05:31] [Server thread/INFO]: Bamboo Growth Modifier: 100%
[01:05:31] [Server thread/INFO]: SweetBerry Growth Modifier: 100%
[01:05:31] [Server thread/INFO]: Kelp Growth Modifier: 100%
[01:05:31] [Server thread/INFO]: Mob Spawn Range: 6
[01:05:31] [Server thread/INFO]: Experience Merge Radius: 3.0
[01:05:31] [Server thread/INFO]: Hopper Transfer: 8 Hopper Check: 1 Hopper Amount: 1
[01:05:31] [Server thread/INFO]: Entity Activation Range: An 32 / Mo 32 / Ra 48 / Mi 16 / Tiv true
[01:05:31] [Server thread/INFO]: Entity Tracking Range: Pl 48 / An 48 / Mo 48 / Mi 32 / Other 64
[01:05:31] [Server thread/INFO]: Allow Zombie Pigmen to spawn from portal blocks: true
[01:05:31] [Server thread/INFO]: Item Despawn Rate: 6000
[01:05:31] [Server thread/INFO]: Item Merge Radius: 2.5
[01:05:31] [Server thread/INFO]: View Distance: 10
[01:05:31] [Server thread/INFO]: Arrow Despawn Rate: 1200 Trident Respawn Rate:1200
[01:05:31] [Server thread/INFO]: Nerfing mobs spawned from spawners: false
[01:05:31] [Server thread/INFO]: Zombie Aggressive Towards Villager: true
[01:05:31] [Server thread/INFO]: Custom Map Seeds:  Village: 10387312 Desert: 14357617 Igloo: 14357618 Jungle: 14357619 Swamp: 14357620 Monument: 10387313 Ocean: 14357621 Shipwreck: 165745295 End City: 10387313 Slime: 987234911 Bastion: 30084232 Fortress: 30084232 Mansion: 10387319 Fossil: 14357921 Portal: 34222645
[01:05:31] [Server thread/INFO]: Preparing start region for dimension minecraft:overworld
[01:05:33] [Server thread/INFO]: Preparing spawn area: 0%
[01:05:33] [Server thread/INFO]: Preparing spawn area: 0%
[01:05:33] [Server thread/INFO]: Preparing spawn area: 0%
[01:05:33] [Server thread/INFO]: Preparing spawn area: 0%
[01:05:33] [Server thread/INFO]: Preparing spawn area: 0%
[01:05:33] [Server thread/INFO]: Preparing spawn area: 0%
[01:05:34] [Server thread/INFO]: Preparing spawn area: 0%
[01:05:34] [Server thread/INFO]: Preparing spawn area: 47%
[01:05:35] [Server thread/INFO]: Time elapsed: 3955 ms
[01:05:35] [Server thread/INFO]: Preparing start region for dimension minecraft:the_nether
[01:05:36] [Server thread/INFO]: Preparing spawn area: 0%
[01:05:36] [Server thread/INFO]: Preparing spawn area: 0%
[01:05:36] [Server thread/INFO]: Preparing spawn area: 0%
[01:05:36] [Server thread/INFO]: Preparing spawn area: 0%
[01:05:37] [Server thread/INFO]: Preparing spawn area: 83%
[01:05:37] [Server thread/INFO]: Preparing spawn area: 83%
[01:05:38] [Worker-Main-9/INFO]: Preparing spawn area: 97%
[01:05:38] [Worker-Main-9/INFO]: Preparing spawn area: 97%
[01:05:39] [Worker-Main-11/INFO]: Preparing spawn area: 98%
[01:05:39] [Server thread/INFO]: Time elapsed: 4234 ms
[01:05:39] [Server thread/INFO]: Preparing start region for dimension minecraft:the_end
[01:05:40] [Server thread/INFO]: Preparing spawn area: 0%
[01:05:40] [Server thread/INFO]: Preparing spawn area: 0%
[01:05:40] [Worker-Main-8/INFO]: Preparing spawn area: 83%
[01:05:40] [Worker-Main-9/INFO]: Preparing spawn area: 83%
[01:05:41] [Server thread/INFO]: Time elapsed: 1775 ms
[01:05:41] [Server thread/INFO]: [LongerDays] Enabling LongerDays v1.0.1
[01:05:41] [Server thread/INFO]: [LongerDays] Set day cycle to 15 minutes
[01:05:41] [Server thread/INFO]: [LongerDays] Set night cycle to 7 minutes
[01:05:41] [Server thread/INFO]: [BloodInMinecraft] Enabling BloodInMinecraft v7.4
[01:05:41] [Server thread/INFO]: ----------------------------------------
[01:05:41] [Server thread/INFO]: BloodInMinecraft By Yanisssch Is On! No error Found ;)! VERSION 7.4
[01:05:41] [Server thread/INFO]: Your server running on:git-Spigot-379750e-43c7ff9 (MC: 1.16.2)Now 1.16 working!
[01:05:41] [Server thread/INFO]: ----------------------------------------
[01:05:41] [Server thread/INFO]: Server permissions file permissions.yml is empty, ignoring it
[01:05:41] [Server thread/INFO]: Done (11.128s)! For help, type "help"
[01:07:04] [User Authenticator #1/INFO]: UUID of player Felipe is 0d8c7e5f-6750-32d1-a05d-539337216b89
[01:07:04] [Server thread/INFO]: Felipe[/26.80.218.134:55090] logged in with entity id 357 at ([RioDasOstras]25.319293210044474, 112.0, 237.5838093270749)
[01:28:56] [Server thread/INFO]: Felipe lost connection: Disconnected
[01:28:56] [Server thread/INFO]: Felipe left the game
[04:03:18] [User Authenticator #2/INFO]: UUID of player Felipe is 0d8c7e5f-6750-32d1-a05d-539337216b89
[04:03:19] [Server thread/INFO]: Felipe[/26.80.218.134:51470] logged in with entity id 3492 at ([RioDasOstras]-19.30000001192093, 77.0, 291.2148683142737)
[04:44:36] [Server thread/INFO]: Felipe lost connection: Disconnected
[04:44:36] [Server thread/INFO]: Felipe left the game
[04:44:46] [Server thread/INFO]: Saving the game (this may take a moment!)
[04:44:46] [Server thread/INFO]: Saved the game
[04:44:50] [Server thread/INFO]: Stopping server
[04:44:50] [Server thread/INFO]: [BloodInMinecraft] Disabling BloodInMinecraft v7.4
[04:44:50] [Server thread/INFO]: ----------------------------------------
[04:44:50] [Server thread/INFO]: BloodInMinecraft By Yanisssch Is Now Off! GoodBye ^^ ;)! VERSION 7.4
[04:44:50] [Server thread/INFO]: ----------------------------------------
[04:44:50] [Server thread/INFO]: [LongerDays] Disabling LongerDays v1.0.1
[04:44:50] [Server thread/INFO]: Saving players
[04:44:50] [Server thread/INFO]: Saving worlds
[04:44:50] [Server thread/INFO]: Saving chunks for level 'ServerLevel[RioDasOstras]'/minecraft:overworld
[04:44:51] [Server thread/INFO]: ThreadedAnvilChunkStorage (RioDasOstras): All chunks are saved
[04:44:51] [Server thread/INFO]: Saving chunks for level 'ServerLevel[RioDasOstras_nether]'/minecraft:the_nether
[04:44:51] [Server thread/INFO]: ThreadedAnvilChunkStorage (DIM-1): All chunks are saved
[04:44:51] [Server thread/INFO]: Saving chunks for level 'ServerLevel[RioDasOstras_the_end]'/minecraft:the_end
[04:44:51] [Server thread/INFO]: ThreadedAnvilChunkStorage (DIM1): All chunks are saved
[04:44:51] [Server thread/INFO]: ThreadedAnvilChunkStorage (RioDasOstras): All chunks are saved
[04:44:51] [Server thread/INFO]: ThreadedAnvilChunkStorage (DIM-1): All chunks are saved
[04:44:51] [Server thread/INFO]: ThreadedAnvilChunkStorage (DIM1): All chunks are saved
